This is pdfTeX, Version 3.14159265-2.6-1.40.17 (TeX Live 2016) (preloaded format=pdflatex 2016.5.22)  1 APR 2022 00:36
entering extended mode
 \write18 enabled.
 file:line:error style messages enabled.
 %&-line parsing enabled.
**drukker_phdba239fcii_pset1.tex
(./drukker_phdba239fcii_pset1.tex
LaTeX2e <2016/03/31>
Babel <3.9r> and hyphenation patterns for 83 language(s) loaded.
(/usr/local/texlive/2016/texmf-dist/tex/latex/base/article.cls
Document Class: article 2014/09/29 v1.4h Standard LaTeX document class
(/usr/local/texlive/2016/texmf-dist/tex/latex/base/size12.clo
File: size12.clo 2014/09/29 v1.4h Standard LaTeX file (size option)
)
\c@part=\count79
\c@section=\count80
\c@subsection=\count81
\c@subsubsection=\count82
\c@paragraph=\count83
\c@subparagraph=\count84
\c@figure=\count85
\c@table=\count86
\abovecaptionskip=\skip41
\belowcaptionskip=\skip42
\bibindent=\dimen102
)
(/usr/local/texlive/2016/texmf-dist/tex/latex/amsmath/amscd.sty
Package: amscd 1999/11/29 v2.0 AMS Commutatitive Diagrams

(/usr/local/texlive/2016/texmf-dist/tex/latex/amsmath/amsgen.sty
File: amsgen.sty 1999/11/30 v2.0 generic functions
\@emptytoks=\toks14
\ex@=\dimen103
)
\athelp@=\toks15
\minaw@=\dimen104
\bigaw@=\dimen105
\minCDarrowwidth=\dimen106
)
(/usr/local/texlive/2016/texmf-dist/tex/latex/amsmath/amsmath.sty
Package: amsmath 2016/03/10 v2.15b AMS math features
\@mathmargin=\skip43

For additional information on amsmath, use the `?' option.
(/usr/local/texlive/2016/texmf-dist/tex/latex/amsmath/amstext.sty
Package: amstext 2000/06/29 v2.01 AMS text
)
(/usr/local/texlive/2016/texmf-dist/tex/latex/amsmath/amsbsy.sty
Package: amsbsy 1999/11/29 v1.2d Bold Symbols
\pmbraise@=\dimen107
)
(/usr/local/texlive/2016/texmf-dist/tex/latex/amsmath/amsopn.sty
Package: amsopn 2016/03/08 v2.02 operator names
)
\inf@bad=\count87
LaTeX Info: Redefining \frac on input line 199.
\uproot@=\count88
\leftroot@=\count89
LaTeX Info: Redefining \overline on input line 297.
\classnum@=\count90
\DOTSCASE@=\count91
LaTeX Info: Redefining \ldots on input line 394.
LaTeX Info: Redefining \dots on input line 397.
LaTeX Info: Redefining \cdots on input line 518.
\Mathstrutbox@=\box26
\strutbox@=\box27
\big@size=\dimen108
LaTeX Font Info:    Redeclaring font encoding OML on input line 634.
LaTeX Font Info:    Redeclaring font encoding OMS on input line 635.
\macc@depth=\count92
\c@MaxMatrixCols=\count93
\dotsspace@=\muskip10
\c@parentequation=\count94
\dspbrk@lvl=\count95
\tag@help=\toks16
\row@=\count96
\column@=\count97
\maxfields@=\count98
\andhelp@=\toks17
\eqnshift@=\dimen109
\alignsep@=\dimen110
\tagshift@=\dimen111
\tagwidth@=\dimen112
\totwidth@=\dimen113
\lineht@=\dimen114
\@envbody=\toks18
\multlinegap=\skip44
\multlinetaggap=\skip45
\mathdisplay@stack=\toks19
LaTeX Info: Redefining \[ on input line 2739.
LaTeX Info: Redefining \] on input line 2740.
)
(/usr/local/texlive/2016/texmf-dist/tex/latex/amsfonts/amssymb.sty
Package: amssymb 2013/01/14 v3.01 AMS font symbols

(/usr/local/texlive/2016/texmf-dist/tex/latex/amsfonts/amsfonts.sty
Package: amsfonts 2013/01/14 v3.01 Basic AMSFonts support
\symAMSa=\mathgroup4
\symAMSb=\mathgroup5
LaTeX Font Info:    Overwriting math alphabet `\mathfrak' in version `bold'
(Font)                  U/euf/m/n --> U/euf/b/n on input line 106.
))
(/usr/local/texlive/2016/texmf-dist/tex/latex/amscls/amsthm.sty
Package: amsthm 2015/03/04 v2.20.2
\thm@style=\toks20
\thm@bodyfont=\toks21
\thm@headfont=\toks22
\thm@notefont=\toks23
\thm@headpunct=\toks24
\thm@preskip=\skip46
\thm@postskip=\skip47
\thm@headsep=\skip48
\dth@everypar=\toks25
)
(/usr/local/texlive/2016/texmf-dist/tex/latex/base/latexsym.sty
Package: latexsym 1998/08/17 v2.2e Standard LaTeX package (lasy symbols)
\symlasy=\mathgroup6
LaTeX Font Info:    Overwriting symbol font `lasy' in version `bold'
(Font)                  U/lasy/m/n --> U/lasy/b/n on input line 52.
)
(/usr/local/texlive/2016/texmf-dist/tex/latex/tools/verbatim.sty
Package: verbatim 2014/10/28 v1.5q LaTeX2e package for verbatim enhancements
\every@verbatim=\toks26
\verbatim@line=\toks27
\verbatim@in@stream=\read1
)
(/usr/local/texlive/2016/texmf-dist/tex/latex/graphics/graphicx.sty
Package: graphicx 2014/10/28 v1.0g Enhanced LaTeX Graphics (DPC,SPQR)

(/usr/local/texlive/2016/texmf-dist/tex/latex/graphics/keyval.sty
Package: keyval 2014/10/28 v1.15 key=value parser (DPC)
\KV@toks@=\toks28
)
(/usr/local/texlive/2016/texmf-dist/tex/latex/graphics/graphics.sty
Package: graphics 2016/05/09 v1.0r Standard LaTeX Graphics (DPC,SPQR)

(/usr/local/texlive/2016/texmf-dist/tex/latex/graphics/trig.sty
Package: trig 2016/01/03 v1.10 sin cos tan (DPC)
)
(/usr/local/texlive/2016/texmf-dist/tex/latex/graphics-cfg/graphics.cfg
File: graphics.cfg 2016/01/02 v1.10 sample graphics configuration
)
Package graphics Info: Driver file: pdftex.def on input line 96.

(/usr/local/texlive/2016/texmf-dist/tex/latex/pdftex-def/pdftex.def
File: pdftex.def 2011/05/27 v0.06d Graphics/color for pdfTeX

(/usr/local/texlive/2016/texmf-dist/tex/generic/oberdiek/infwarerr.sty
Package: infwarerr 2016/05/16 v1.4 Providing info/warning/error messages (HO)
)
(/usr/local/texlive/2016/texmf-dist/tex/generic/oberdiek/ltxcmds.sty
Package: ltxcmds 2016/05/16 v1.23 LaTeX kernel commands for general use (HO)
)
\Gread@gobject=\count99
))
\Gin@req@height=\dimen115
\Gin@req@width=\dimen116
)
(/usr/local/texlive/2016/texmf-dist/tex/generic/babel/babel.sty
Package: babel 2016/04/23 3.9r The Babel package

(/usr/local/texlive/2016/texmf-dist/tex/generic/babel-english/english.ldf
Language: english 2012/08/20 v3.3p English support from the babel system

(/usr/local/texlive/2016/texmf-dist/tex/generic/babel/babel.def
File: babel.def 2016/04/23 3.9r Babel common definitions
\babel@savecnt=\count100
\U@D=\dimen117
)
\l@canadian = a dialect from \language\l@american 
\l@australian = a dialect from \language\l@british 
\l@newzealand = a dialect from \language\l@british 
))
(/usr/local/texlive/2016/texmf-dist/tex/latex/tools/tabularx.sty
Package: tabularx 2016/02/03 v2.11 `tabularx' package (DPC)

(/usr/local/texlive/2016/texmf-dist/tex/latex/tools/array.sty
Package: array 2014/10/28 v2.4c Tabular extension package (FMi)
\col@sep=\dimen118
\extrarowheight=\dimen119
\NC@list=\toks29
\extratabsurround=\skip49
\backup@length=\skip50
)
\TX@col@width=\dimen120
\TX@old@table=\dimen121
\TX@old@col=\dimen122
\TX@target=\dimen123
\TX@delta=\dimen124
\TX@cols=\count101
\TX@ftn=\toks30
)
(/usr/local/texlive/2016/texmf-dist/tex/latex/graphics/epsfig.sty
Package: epsfig 1999/02/16 v1.7a (e)psfig emulation (SPQR)
\epsfxsize=\dimen125
\epsfysize=\dimen126
)
(/usr/local/texlive/2016/texmf-dist/tex/latex/float/float.sty
Package: float 2001/11/08 v1.3d Float enhancements (AL)
\c@float@type=\count102
\float@exts=\toks31
\float@box=\box28
\@float@everytoks=\toks32
\@floatcapt=\box29
)
(/usr/local/texlive/2016/texmf-dist/tex/latex/threeparttable/threeparttable.sty
Package: threeparttable 2003/06/13  v 3.0
\@tempboxb=\box30
) (/usr/local/texlive/2016/texmf-dist/tex/latex/xcolor/xcolor.sty
Package: xcolor 2016/05/11 v2.12 LaTeX color extensions (UK)

(/usr/local/texlive/2016/texmf-dist/tex/latex/graphics-cfg/color.cfg
File: color.cfg 2016/01/02 v1.6 sample color configuration
)
Package xcolor Info: Driver file: pdftex.def on input line 225.
Package xcolor Info: Model `cmy' substituted by `cmy0' on input line 1348.
Package xcolor Info: Model `hsb' substituted by `rgb' on input line 1352.
Package xcolor Info: Model `RGB' extended on input line 1364.
Package xcolor Info: Model `HTML' substituted by `rgb' on input line 1366.
Package xcolor Info: Model `Hsb' substituted by `hsb' on input line 1367.
Package xcolor Info: Model `tHsb' substituted by `hsb' on input line 1368.
Package xcolor Info: Model `HSB' substituted by `hsb' on input line 1369.
Package xcolor Info: Model `Gray' substituted by `gray' on input line 1370.
Package xcolor Info: Model `wave' substituted by `hsb' on input line 1371.
)
(/usr/local/texlive/2016/texmf-dist/tex/latex/geometry/geometry.sty
Package: geometry 2010/09/12 v5.6 Page Geometry

(/usr/local/texlive/2016/texmf-dist/tex/generic/oberdiek/ifpdf.sty
Package: ifpdf 2016/05/14 v3.1 Provides the ifpdf switch
)
(/usr/local/texlive/2016/texmf-dist/tex/generic/oberdiek/ifvtex.sty
Package: ifvtex 2016/05/16 v1.6 Detect VTeX and its facilities (HO)
Package ifvtex Info: VTeX not detected.
)
(/usr/local/texlive/2016/texmf-dist/tex/generic/ifxetex/ifxetex.sty
Package: ifxetex 2010/09/12 v0.6 Provides ifxetex conditional
)
\Gm@cnth=\count103
\Gm@cntv=\count104
\c@Gm@tempcnt=\count105
\Gm@bindingoffset=\dimen127
\Gm@wd@mp=\dimen128
\Gm@odd@mp=\dimen129
\Gm@even@mp=\dimen130
\Gm@layoutwidth=\dimen131
\Gm@layoutheight=\dimen132
\Gm@layouthoffset=\dimen133
\Gm@layoutvoffset=\dimen134
\Gm@dimlist=\toks33
)
(/usr/local/texlive/2016/texmf-dist/tex/latex/fancyhdr/fancyhdr.sty
\fancy@headwidth=\skip51
\f@ncyO@elh=\skip52
\f@ncyO@erh=\skip53
\f@ncyO@olh=\skip54
\f@ncyO@orh=\skip55
\f@ncyO@elf=\skip56
\f@ncyO@erf=\skip57
\f@ncyO@olf=\skip58
\f@ncyO@orf=\skip59
)
(/usr/local/texlive/2016/texmf-dist/tex/latex/pgf/frontendlayer/tikz.sty
(/usr/local/texlive/2016/texmf-dist/tex/latex/pgf/basiclayer/pgf.sty
(/usr/local/texlive/2016/texmf-dist/tex/latex/pgf/utilities/pgfrcs.sty
(/usr/local/texlive/2016/texmf-dist/tex/generic/pgf/utilities/pgfutil-common.te
x
\pgfutil@everybye=\toks34
\pgfutil@tempdima=\dimen135
\pgfutil@tempdimb=\dimen136

(/usr/local/texlive/2016/texmf-dist/tex/generic/pgf/utilities/pgfutil-common-li
sts.tex))
(/usr/local/texlive/2016/texmf-dist/tex/generic/pgf/utilities/pgfutil-latex.def
\pgfutil@abb=\box31
(/usr/local/texlive/2016/texmf-dist/tex/latex/ms/everyshi.sty
Package: everyshi 2001/05/15 v3.00 EveryShipout Package (MS)
))
(/usr/local/texlive/2016/texmf-dist/tex/generic/pgf/utilities/pgfrcs.code.tex
Package: pgfrcs 2015/08/07 v3.0.1a (rcs-revision 1.31)
))
Package: pgf 2015/08/07 v3.0.1a (rcs-revision 1.15)
(/usr/local/texlive/2016/texmf-dist/tex/latex/pgf/basiclayer/pgfcore.sty
(/usr/local/texlive/2016/texmf-dist/tex/latex/pgf/systemlayer/pgfsys.sty
(/usr/local/texlive/2016/texmf-dist/tex/generic/pgf/systemlayer/pgfsys.code.tex
Package: pgfsys 2014/07/09 v3.0.1a (rcs-revision 1.48)
(/usr/local/texlive/2016/texmf-dist/tex/generic/pgf/utilities/pgfkeys.code.tex
\pgfkeys@pathtoks=\toks35
\pgfkeys@temptoks=\toks36

(/usr/local/texlive/2016/texmf-dist/tex/generic/pgf/utilities/pgfkeysfiltered.c
ode.tex
\pgfkeys@tmptoks=\toks37
))
\pgf@x=\dimen137
\pgf@y=\dimen138
\pgf@xa=\dimen139
\pgf@ya=\dimen140
\pgf@xb=\dimen141
\pgf@yb=\dimen142
\pgf@xc=\dimen143
\pgf@yc=\dimen144
\w@pgf@writea=\write3
\r@pgf@reada=\read2
\c@pgf@counta=\count106
\c@pgf@countb=\count107
\c@pgf@countc=\count108
\c@pgf@countd=\count109
\t@pgf@toka=\toks38
\t@pgf@tokb=\toks39
\t@pgf@tokc=\toks40

(/usr/local/texlive/2016/texmf-dist/tex/generic/pgf/systemlayer/pgf.cfg
File: pgf.cfg 2008/05/14  (rcs-revision 1.7)
)
Driver file for pgf: pgfsys-pdftex.def

(/usr/local/texlive/2016/texmf-dist/tex/generic/pgf/systemlayer/pgfsys-pdftex.d
ef
File: pgfsys-pdftex.def 2014/10/11  (rcs-revision 1.35)

(/usr/local/texlive/2016/texmf-dist/tex/generic/pgf/systemlayer/pgfsys-common-p
df.def
File: pgfsys-common-pdf.def 2013/10/10  (rcs-revision 1.13)
)))
(/usr/local/texlive/2016/texmf-dist/tex/generic/pgf/systemlayer/pgfsyssoftpath.
code.tex
File: pgfsyssoftpath.code.tex 2013/09/09  (rcs-revision 1.9)
\pgfsyssoftpath@smallbuffer@items=\count110
\pgfsyssoftpath@bigbuffer@items=\count111
)
(/usr/local/texlive/2016/texmf-dist/tex/generic/pgf/systemlayer/pgfsysprotocol.
code.tex
File: pgfsysprotocol.code.tex 2006/10/16  (rcs-revision 1.4)
))
(/usr/local/texlive/2016/texmf-dist/tex/generic/pgf/basiclayer/pgfcore.code.tex
Package: pgfcore 2010/04/11 v3.0.1a (rcs-revision 1.7)
(/usr/local/texlive/2016/texmf-dist/tex/generic/pgf/math/pgfmath.code.tex
(/usr/local/texlive/2016/texmf-dist/tex/generic/pgf/math/pgfmathcalc.code.tex
(/usr/local/texlive/2016/texmf-dist/tex/generic/pgf/math/pgfmathutil.code.tex)
(/usr/local/texlive/2016/texmf-dist/tex/generic/pgf/math/pgfmathparser.code.tex
\pgfmath@dimen=\dimen145
\pgfmath@count=\count112
\pgfmath@box=\box32
\pgfmath@toks=\toks41
\pgfmath@stack@operand=\toks42
\pgfmath@stack@operation=\toks43
)
(/usr/local/texlive/2016/texmf-dist/tex/generic/pgf/math/pgfmathfunctions.code.
tex
(/usr/local/texlive/2016/texmf-dist/tex/generic/pgf/math/pgfmathfunctions.basic
.code.tex)
(/usr/local/texlive/2016/texmf-dist/tex/generic/pgf/math/pgfmathfunctions.trigo
nometric.code.tex)
(/usr/local/texlive/2016/texmf-dist/tex/generic/pgf/math/pgfmathfunctions.rando
m.code.tex)
(/usr/local/texlive/2016/texmf-dist/tex/generic/pgf/math/pgfmathfunctions.compa
rison.code.tex)
(/usr/local/texlive/2016/texmf-dist/tex/generic/pgf/math/pgfmathfunctions.base.
code.tex)
(/usr/local/texlive/2016/texmf-dist/tex/generic/pgf/math/pgfmathfunctions.round
.code.tex)
(/usr/local/texlive/2016/texmf-dist/tex/generic/pgf/math/pgfmathfunctions.misc.
code.tex)
(/usr/local/texlive/2016/texmf-dist/tex/generic/pgf/math/pgfmathfunctions.integ
erarithmetics.code.tex)))
(/usr/local/texlive/2016/texmf-dist/tex/generic/pgf/math/pgfmathfloat.code.tex
\c@pgfmathroundto@lastzeros=\count113
))
(/usr/local/texlive/2016/texmf-dist/tex/generic/pgf/basiclayer/pgfcorepoints.co
de.tex
File: pgfcorepoints.code.tex 2013/10/07  (rcs-revision 1.27)
\pgf@picminx=\dimen146
\pgf@picmaxx=\dimen147
\pgf@picminy=\dimen148
\pgf@picmaxy=\dimen149
\pgf@pathminx=\dimen150
\pgf@pathmaxx=\dimen151
\pgf@pathminy=\dimen152
\pgf@pathmaxy=\dimen153
\pgf@xx=\dimen154
\pgf@xy=\dimen155
\pgf@yx=\dimen156
\pgf@yy=\dimen157
\pgf@zx=\dimen158
\pgf@zy=\dimen159
)
(/usr/local/texlive/2016/texmf-dist/tex/generic/pgf/basiclayer/pgfcorepathconst
ruct.code.tex
File: pgfcorepathconstruct.code.tex 2013/10/07  (rcs-revision 1.29)
\pgf@path@lastx=\dimen160
\pgf@path@lasty=\dimen161
)
(/usr/local/texlive/2016/texmf-dist/tex/generic/pgf/basiclayer/pgfcorepathusage
.code.tex
File: pgfcorepathusage.code.tex 2014/11/02  (rcs-revision 1.24)
\pgf@shorten@end@additional=\dimen162
\pgf@shorten@start@additional=\dimen163
)
(/usr/local/texlive/2016/texmf-dist/tex/generic/pgf/basiclayer/pgfcorescopes.co
de.tex
File: pgfcorescopes.code.tex 2015/05/08  (rcs-revision 1.46)
\pgfpic=\box33
\pgf@hbox=\box34
\pgf@layerbox@main=\box35
\pgf@picture@serial@count=\count114
)
(/usr/local/texlive/2016/texmf-dist/tex/generic/pgf/basiclayer/pgfcoregraphicst
ate.code.tex
File: pgfcoregraphicstate.code.tex 2014/11/02  (rcs-revision 1.12)
\pgflinewidth=\dimen164
)
(/usr/local/texlive/2016/texmf-dist/tex/generic/pgf/basiclayer/pgfcoretransform
ations.code.tex
File: pgfcoretransformations.code.tex 2015/08/07  (rcs-revision 1.20)
\pgf@pt@x=\dimen165
\pgf@pt@y=\dimen166
\pgf@pt@temp=\dimen167
)
(/usr/local/texlive/2016/texmf-dist/tex/generic/pgf/basiclayer/pgfcorequick.cod
e.tex
File: pgfcorequick.code.tex 2008/10/09  (rcs-revision 1.3)
)
(/usr/local/texlive/2016/texmf-dist/tex/generic/pgf/basiclayer/pgfcoreobjects.c
ode.tex
File: pgfcoreobjects.code.tex 2006/10/11  (rcs-revision 1.2)
)
(/usr/local/texlive/2016/texmf-dist/tex/generic/pgf/basiclayer/pgfcorepathproce
ssing.code.tex
File: pgfcorepathprocessing.code.tex 2013/09/09  (rcs-revision 1.9)
)
(/usr/local/texlive/2016/texmf-dist/tex/generic/pgf/basiclayer/pgfcorearrows.co
de.tex
File: pgfcorearrows.code.tex 2015/05/14  (rcs-revision 1.43)
\pgfarrowsep=\dimen168
)
(/usr/local/texlive/2016/texmf-dist/tex/generic/pgf/basiclayer/pgfcoreshade.cod
e.tex
File: pgfcoreshade.code.tex 2013/07/15  (rcs-revision 1.15)
\pgf@max=\dimen169
\pgf@sys@shading@range@num=\count115
)
(/usr/local/texlive/2016/texmf-dist/tex/generic/pgf/basiclayer/pgfcoreimage.cod
e.tex
File: pgfcoreimage.code.tex 2013/07/15  (rcs-revision 1.18)

(/usr/local/texlive/2016/texmf-dist/tex/generic/pgf/basiclayer/pgfcoreexternal.
code.tex
File: pgfcoreexternal.code.tex 2014/07/09  (rcs-revision 1.21)
\pgfexternal@startupbox=\box36
))
(/usr/local/texlive/2016/texmf-dist/tex/generic/pgf/basiclayer/pgfcorelayers.co
de.tex
File: pgfcorelayers.code.tex 2013/07/18  (rcs-revision 1.7)
)
(/usr/local/texlive/2016/texmf-dist/tex/generic/pgf/basiclayer/pgfcoretranspare
ncy.code.tex
File: pgfcoretransparency.code.tex 2013/09/30  (rcs-revision 1.5)
)
(/usr/local/texlive/2016/texmf-dist/tex/generic/pgf/basiclayer/pgfcorepatterns.
code.tex
File: pgfcorepatterns.code.tex 2013/11/07  (rcs-revision 1.5)
)))
(/usr/local/texlive/2016/texmf-dist/tex/generic/pgf/modules/pgfmoduleshapes.cod
e.tex
File: pgfmoduleshapes.code.tex 2014/03/21  (rcs-revision 1.35)
\pgfnodeparttextbox=\box37
)
(/usr/local/texlive/2016/texmf-dist/tex/generic/pgf/modules/pgfmoduleplot.code.
tex
File: pgfmoduleplot.code.tex 2015/08/03  (rcs-revision 1.13)
)
(/usr/local/texlive/2016/texmf-dist/tex/latex/pgf/compatibility/pgfcomp-version
-0-65.sty
Package: pgfcomp-version-0-65 2007/07/03 v3.0.1a (rcs-revision 1.7)
\pgf@nodesepstart=\dimen170
\pgf@nodesepend=\dimen171
)
(/usr/local/texlive/2016/texmf-dist/tex/latex/pgf/compatibility/pgfcomp-version
-1-18.sty
Package: pgfcomp-version-1-18 2007/07/23 v3.0.1a (rcs-revision 1.1)
))
(/usr/local/texlive/2016/texmf-dist/tex/latex/pgf/utilities/pgffor.sty
(/usr/local/texlive/2016/texmf-dist/tex/latex/pgf/utilities/pgfkeys.sty
(/usr/local/texlive/2016/texmf-dist/tex/generic/pgf/utilities/pgfkeys.code.tex)
) (/usr/local/texlive/2016/texmf-dist/tex/latex/pgf/math/pgfmath.sty
(/usr/local/texlive/2016/texmf-dist/tex/generic/pgf/math/pgfmath.code.tex))
(/usr/local/texlive/2016/texmf-dist/tex/generic/pgf/utilities/pgffor.code.tex
Package: pgffor 2013/12/13 v3.0.1a (rcs-revision 1.25)

(/usr/local/texlive/2016/texmf-dist/tex/generic/pgf/math/pgfmath.code.tex)
\pgffor@iter=\dimen172
\pgffor@skip=\dimen173
\pgffor@stack=\toks44
\pgffor@toks=\toks45
))
(/usr/local/texlive/2016/texmf-dist/tex/generic/pgf/frontendlayer/tikz/tikz.cod
e.tex
Package: tikz 2015/08/07 v3.0.1a (rcs-revision 1.151)

(/usr/local/texlive/2016/texmf-dist/tex/generic/pgf/libraries/pgflibraryplothan
dlers.code.tex
File: pgflibraryplothandlers.code.tex 2013/08/31 v3.0.1a (rcs-revision 1.20)
\pgf@plot@mark@count=\count116
\pgfplotmarksize=\dimen174
)
\tikz@lastx=\dimen175
\tikz@lasty=\dimen176
\tikz@lastxsaved=\dimen177
\tikz@lastysaved=\dimen178
\tikzleveldistance=\dimen179
\tikzsiblingdistance=\dimen180
\tikz@figbox=\box38
\tikz@figbox@bg=\box39
\tikz@tempbox=\box40
\tikz@tempbox@bg=\box41
\tikztreelevel=\count117
\tikznumberofchildren=\count118
\tikznumberofcurrentchild=\count119
\tikz@fig@count=\count120

(/usr/local/texlive/2016/texmf-dist/tex/generic/pgf/modules/pgfmodulematrix.cod
e.tex
File: pgfmodulematrix.code.tex 2013/09/17  (rcs-revision 1.8)
\pgfmatrixcurrentrow=\count121
\pgfmatrixcurrentcolumn=\count122
\pgf@matrix@numberofcolumns=\count123
)
\tikz@expandcount=\count124

(/usr/local/texlive/2016/texmf-dist/tex/generic/pgf/frontendlayer/tikz/librarie
s/tikzlibrarytopaths.code.tex
File: tikzlibrarytopaths.code.tex 2008/06/17 v3.0.1a (rcs-revision 1.2)
)))
(/usr/local/texlive/2016/texmf-dist/tex/latex/marvosym/marvosym.sty
Package: marvosym 2011/07/20 v2.2 Martin Vogel's Symbols font definitions
)
(/usr/local/texlive/2016/texmf-dist/tex/latex/tikzsymbols/tikzsymbols.sty
(/usr/local/texlive/2016/texmf-dist/tex/latex/l3packages/xparse/xparse.sty
(/usr/local/texlive/2016/texmf-dist/tex/latex/l3kernel/expl3.sty
Package: expl3 2016/05/18 v6512 L3 programming layer (loader) 

(/usr/local/texlive/2016/texmf-dist/tex/latex/l3kernel/expl3-code.tex
Package: expl3 2016/05/18 v6512 L3 programming layer (code)
L3 Module: l3bootstrap 2016/02/12 v6412 L3 Bootstrap code
L3 Module: l3names 2016/03/11 v6433 L3 Namespace for primitives
L3 Module: l3basics 2015/11/22 v6315 L3 Basic definitions
L3 Module: l3expan 2015/09/10 v5983 L3 Argument expansion
L3 Module: l3tl 2016/03/26 v6465 L3 Token lists
L3 Module: l3str 2016/03/24 v6441 L3 Strings
L3 Module: l3seq 2015/08/05 v5777 L3 Sequences and stacks
L3 Module: l3int 2016/03/24 v6441 L3 Integers
\c_max_int=\count125
\l_tmpa_int=\count126
\l_tmpb_int=\count127
\g_tmpa_int=\count128
\g_tmpb_int=\count129
L3 Module: l3quark 2015/08/17 v5855 L3 Quarks
L3 Module: l3prg 2015/11/01 v6216 L3 Control structures
\g__prg_map_int=\count130
L3 Module: l3clist 2015/09/02 v5901 L3 Comma separated lists
L3 Module: l3token 2016/04/03 v6470 L3 Experimental token manipulation
L3 Module: l3prop 2016/01/05 v6366 L3 Property lists
L3 Module: l3msg 2016/03/26 v6464 L3 Messages
L3 Module: l3file 2016/03/25 v6458 L3 File and I/O operations
\l_iow_line_count_int=\count131
\l__iow_target_count_int=\count132
\l__iow_current_line_int=\count133
\l__iow_current_word_int=\count134
\l__iow_current_indentation_int=\count135
L3 Module: l3skip 2016/01/05 v6366 L3 Dimensions and skips
\c_zero_dim=\dimen181
\c_max_dim=\dimen182
\l_tmpa_dim=\dimen183
\l_tmpb_dim=\dimen184
\g_tmpa_dim=\dimen185
\g_tmpb_dim=\dimen186
\c_zero_skip=\skip60
\c_max_skip=\skip61
\l_tmpa_skip=\skip62
\l_tmpb_skip=\skip63
\g_tmpa_skip=\skip64
\g_tmpb_skip=\skip65
\c_zero_muskip=\muskip11
\c_max_muskip=\muskip12
\l_tmpa_muskip=\muskip13
\l_tmpb_muskip=\muskip14
\g_tmpa_muskip=\muskip15
\g_tmpb_muskip=\muskip16
L3 Module: l3keys 2015/11/17 v6284 L3 Key-value interfaces
\g__keyval_level_int=\count136
\l_keys_choice_int=\count137
L3 Module: l3fp 2016/03/26 v6465 L3 Floating points
\c__fp_leading_shift_int=\count138
\c__fp_middle_shift_int=\count139
\c__fp_trailing_shift_int=\count140
\c__fp_big_leading_shift_int=\count141
\c__fp_big_middle_shift_int=\count142
\c__fp_big_trailing_shift_int=\count143
\c__fp_Bigg_leading_shift_int=\count144
\c__fp_Bigg_middle_shift_int=\count145
\c__fp_Bigg_trailing_shift_int=\count146
L3 Module: l3box 2015/08/09 v5822 L3 Experimental boxes
\c_empty_box=\box42
\l_tmpa_box=\box43
\l_tmpb_box=\box44
\g_tmpa_box=\box45
\g_tmpb_box=\box46
L3 Module: l3coffins 2016/05/17 v6508 L3 Coffin code layer
\l__coffin_internal_box=\box47
\l__coffin_internal_dim=\dimen187
\l__coffin_offset_x_dim=\dimen188
\l__coffin_offset_y_dim=\dimen189
\l__coffin_x_dim=\dimen190
\l__coffin_y_dim=\dimen191
\l__coffin_x_prime_dim=\dimen192
\l__coffin_y_prime_dim=\dimen193
\c_empty_coffin=\box48
\l__coffin_aligned_coffin=\box49
\l__coffin_aligned_internal_coffin=\box50
\l_tmpa_coffin=\box51
\l_tmpb_coffin=\box52
\l__coffin_display_coffin=\box53
\l__coffin_display_coord_coffin=\box54
\l__coffin_display_pole_coffin=\box55
\l__coffin_display_offset_dim=\dimen194
\l__coffin_display_x_dim=\dimen195
\l__coffin_display_y_dim=\dimen196
L3 Module: l3color 2014/08/23 v5354 L3 Experimental color support
L3 Module: l3sys 2015/09/25 v6087 L3 Experimental system/runtime functions
L3 Module: l3candidates 2016/05/13 v6484 L3 Experimental additions to l3kernel
\l__box_top_dim=\dimen197
\l__box_bottom_dim=\dimen198
\l__box_left_dim=\dimen199
\l__box_right_dim=\dimen256
\l__box_top_new_dim=\dimen257
\l__box_bottom_new_dim=\dimen258
\l__box_left_new_dim=\dimen259
\l__box_right_new_dim=\dimen260
\l__box_internal_box=\box56
\l__coffin_bounding_shift_dim=\dimen261
\l__coffin_left_corner_dim=\dimen262
\l__coffin_right_corner_dim=\dimen263
\l__coffin_bottom_corner_dim=\dimen264
\l__coffin_top_corner_dim=\dimen265
\l__coffin_scaled_total_height_dim=\dimen266
\l__coffin_scaled_width_dim=\dimen267
L3 Module: l3luatex 2016/03/26 v6465 L3 Experimental LuaTeX-specific functions
)
(/usr/local/texlive/2016/texmf-dist/tex/latex/l3kernel/l3pdfmode.def
File: l3pdfmode.def 2016/03/26 v6465 L3 Experimental driver: PDF mode
\l__driver_color_stack_int=\count147
\l__driver_tmp_box=\box57
))
Package: xparse 2016/05/18 v6512 L3 Experimental document command parser
\l__xparse_current_arg_int=\count148
\l__xparse_m_args_int=\count149
\l__xparse_mandatory_args_int=\count150
\l__xparse_processor_int=\count151
\l__xparse_v_nesting_int=\count152
)
Package: tikzsymbols 2016/04/04 v4.0 Some symbols created using tikz and LaTeX3
.

(/usr/local/texlive/2016/texmf-dist/tex/latex/tools/xspace.sty
Package: xspace 2014/10/28 v1.13 Space after command names (DPC,MH)
)
(/usr/local/texlive/2016/texmf-dist/tex/latex/l3packages/l3keys2e/l3keys2e.sty
Package: l3keys2e 2016/05/18 v6512 LaTeX2e option processing using LaTeX3 keys
)
(/usr/local/texlive/2016/texmf-dist/tex/generic/pgf/frontendlayer/tikz/librarie
s/tikzlibraryarrows.code.tex
File: tikzlibraryarrows.code.tex 2008/01/09 v3.0.1a (rcs-revision 1.1)

(/usr/local/texlive/2016/texmf-dist/tex/generic/pgf/libraries/pgflibraryarrows.
code.tex
File: pgflibraryarrows.code.tex 2013/09/23 v3.0.1a (rcs-revision 1.16)
\arrowsize=\dimen268
))
(/usr/local/texlive/2016/texmf-dist/tex/generic/pgf/frontendlayer/tikz/librarie
s/tikzlibrarydecorations.pathmorphing.code.tex
(/usr/local/texlive/2016/texmf-dist/tex/generic/pgf/frontendlayer/tikz/librarie
s/tikzlibrarydecorations.code.tex
(/usr/local/texlive/2016/texmf-dist/tex/generic/pgf/modules/pgfmoduledecoration
s.code.tex
\pgfdecoratedcompleteddistance=\dimen269
\pgfdecoratedremainingdistance=\dimen270
\pgfdecoratedinputsegmentcompleteddistance=\dimen271
\pgfdecoratedinputsegmentremainingdistance=\dimen272
\pgf@decorate@distancetomove=\dimen273
\pgf@decorate@repeatstate=\count153
\pgfdecorationsegmentamplitude=\dimen274
\pgfdecorationsegmentlength=\dimen275
)
\tikz@lib@dec@box=\box58
)
(/usr/local/texlive/2016/texmf-dist/tex/generic/pgf/libraries/decorations/pgfli
brarydecorations.pathmorphing.code.tex))
(/usr/local/texlive/2016/texmf-dist/tex/generic/pgf/frontendlayer/tikz/librarie
s/tikzlibrarytrees.code.tex
File: tikzlibrarytrees.code.tex 2008/02/24 v3.0.1a (rcs-revision 1.2)
)
\l__tikzsymbols_Moai_thickness_dim=\dimen276
.................................................
. LaTeX info: "xparse/define-command"
. 
. Defining command \Kochtopf with sig. '>{\__tikzsymbols_if_empty:nn {1}}O{1}'
. on line 458.
.................................................
.................................................
. LaTeX info: "xparse/define-command"
. 
. Defining command \Bratpfanne with sig. '>{\__tikzsymbols_if_empty:nn
. {1}}O{1}' on line 490.
.................................................
.................................................
. LaTeX info: "xparse/define-command"
. 
. Defining command \Schneebesen with sig. '>{\__tikzsymbols_if_empty:nn
. {1}}O{1}' on line 518.
.................................................
.................................................
. LaTeX info: "xparse/define-command"
. 
. Defining command \Sieb with sig. '>{\__tikzsymbols_if_empty:nn {1}}O{1}' on
. line 546.
.................................................
.................................................
. LaTeX info: "xparse/define-command"
. 
. Defining command \Purierstab with sig. '>{\__tikzsymbols_if_empty:nn
. {1}}O{1}' on line 570.
.................................................
.................................................
. LaTeX info: "xparse/define-command"
. 
. Defining command \Dreizack with sig. '>{\__tikzsymbols_if_empty:nn {1}}O{1}'
. on line 594.
.................................................
.................................................
. LaTeX info: "xparse/define-command"
. 
. Defining command \Backblech with sig. '>{\__tikzsymbols_if_empty:nn
. {1}}O{1}' on line 620.
.................................................
.................................................
. LaTeX info: "xparse/define-command"
. 
. Defining command \Ofen with sig. '>{\__tikzsymbols_if_empty:nn {1}}O{1}' on
. line 645.
.................................................
.................................................
. LaTeX info: "xparse/define-command"
. 
. Defining command \Pfanne with sig. '>{\__tikzsymbols_if_empty:nn {1}}O{1}'
. on line 678.
.................................................
.................................................
. LaTeX info: "xparse/define-command"
. 
. Defining command \Herd with sig. '>{\__tikzsymbols_if_empty:nn {1}}O{1}' on
. line 703.
.................................................
.................................................
. LaTeX info: "xparse/define-command"
. 
. Defining command \Saftpresse with sig. '>{\__tikzsymbols_if_empty:nn
. {1}}O{1}' on line 737.
.................................................
.................................................
. LaTeX info: "xparse/define-command"
. 
. Defining command \Schussel with sig. '>{\__tikzsymbols_if_empty:nn {1}}O{1}'
. on line 760.
.................................................
.................................................
. LaTeX info: "xparse/define-command"
. 
. Defining command \Schaler with sig. '>{\__tikzsymbols_if_empty:nn {1}}O{1}'
. on line 784.
.................................................
.................................................
. LaTeX info: "xparse/define-command"
. 
. Defining command \Reibe with sig. '>{\__tikzsymbols_if_empty:nn {1}}O{1}' on
. line 808.
.................................................
.................................................
. LaTeX info: "xparse/define-command"
. 
. Defining command \Flasche with sig. '>{\__tikzsymbols_if_empty:nn {1}}O{1}'
. on line 831.
.................................................
.................................................
. LaTeX info: "xparse/define-command"
. 
. Defining command \Sadey with sig. '>{\__tikzsymbols_if_empty:nn
. {1}}O{1}>{\__tikzsymbols_if_empty:nn {none}}O{none}' on line 854.
.................................................
.................................................
. LaTeX info: "xparse/define-command"
. 
. Defining command \dSadey with sig. '>{\__tikzsymbols_if_empty:nn
. {1}}O{1}>{\__tikzsymbols_if_empty:nn {yellow}}O{yellow}' on line 875.
.................................................
.................................................
. LaTeX info: "xparse/define-command"
. 
. Defining command \Changey with sig. '>{\__tikzsymbols_if_empty:nn
. {1}}O{1}>{\__tikzsymbols_if_empty:nn {white}}O{white}m' on line 904.
.................................................
.................................................
. LaTeX info: "xparse/define-command"
. 
. Defining command \dChangey with sig. '>{\__tikzsymbols_if_empty:nn
. {1}}O{1}>{\__tikzsymbols_if_empty:nn {yellow}}O{yellow}m' on line 933.
.................................................
.................................................
. LaTeX info: "xparse/define-command"
. 
. Defining command \Annoey with sig. '>{\__tikzsymbols_if_empty:nn
. {1}}O{1}>{\__tikzsymbols_if_empty:nn {none}}O{none}' on line 954.
.................................................
.................................................
. LaTeX info: "xparse/define-command"
. 
. Defining command \dAnnoey with sig. '>{\__tikzsymbols_if_empty:nn
. {1}}O{1}>{\__tikzsymbols_if_empty:nn {yellow}}O{yellow}' on line 975.
.................................................
.................................................
. LaTeX info: "xparse/redefine-command"
. 
. Redefining command \Smiley with sig. '>{\__tikzsymbols_if_empty:nn
. {1}}O{1}>{\__tikzsymbols_if_empty:nn {none}}O{none}' on line 999.
.................................................
.................................................
. LaTeX info: "xparse/define-command"
. 
. Defining command \dSmiley with sig. '>{\__tikzsymbols_if_empty:nn
. {1}}O{1}>{\__tikzsymbols_if_empty:nn {yellow}}O{yellow}' on line 1020.
.................................................
.................................................
. LaTeX info: "xparse/define-command"
. 
. Defining command \Laughey with sig. '>{\__tikzsymbols_if_empty:nn
. {1}}O{1}>{\__tikzsymbols_if_empty:nn
. {none}}O{none}>{\__tikzsymbols_if_empty:nn {none}}O{none}' on line 1043.
.................................................
.................................................
. LaTeX info: "xparse/define-command"
. 
. Defining command \dLaughey with sig. '>{\__tikzsymbols_if_empty:nn
. {1}}O{1}>{\__tikzsymbols_if_empty:nn
. {yellow}}O{yellow}>{\__tikzsymbols_if_empty:nn {red}}O{red}' on line 1070.
.................................................
.................................................
. LaTeX info: "xparse/define-command"
. 
. Defining command \Neutrey with sig. '>{\__tikzsymbols_if_empty:nn
. {1}}O{1}>{\__tikzsymbols_if_empty:nn {none}}O{none}' on line 1091.
.................................................
.................................................
. LaTeX info: "xparse/define-command"
. 
. Defining command \dNeutrey with sig. '>{\__tikzsymbols_if_empty:nn
. {1}}O{1}>{\__tikzsymbols_if_empty:nn {yellow}}O{yellow}' on line 1112.
.................................................
.................................................
. LaTeX info: "xparse/define-command"
. 
. Defining command \Winkey with sig. '>{\__tikzsymbols_if_empty:nn
. {1}}O{1}>{\__tikzsymbols_if_empty:nn {none}}O{none}' on line 1133.
.................................................
.................................................
. LaTeX info: "xparse/define-command"
. 
. Defining command \oldWinkey with sig. '>{\__tikzsymbols_if_empty:nn
. {1}}O{1}>{\__tikzsymbols_if_empty:nn {none}}O{none}' on line 1154.
.................................................
.................................................
. LaTeX info: "xparse/define-command"
. 
. Defining command \dWinkey with sig. '>{\__tikzsymbols_if_empty:nn
. {1}}O{1}>{\__tikzsymbols_if_empty:nn {yellow}}O{yellow}' on line 1175.
.................................................
.................................................
. LaTeX info: "xparse/define-command"
. 
. Defining command \olddWinkey with sig. '>{\__tikzsymbols_if_empty:nn
. {1}}O{1}>{\__tikzsymbols_if_empty:nn {yellow}}O{yellow}' on line 1196.
.................................................
.................................................
. LaTeX info: "xparse/define-command"
. 
. Defining command \Sey with sig. '>{\__tikzsymbols_if_empty:nn
. {1}}O{1}>{\__tikzsymbols_if_empty:nn {none}}O{none}' on line 1217.
.................................................
.................................................
. LaTeX info: "xparse/define-command"
. 
. Defining command \dSey with sig. '>{\__tikzsymbols_if_empty:nn
. {1}}O{1}>{\__tikzsymbols_if_empty:nn {yellow}}O{yellow}' on line 1238.
.................................................
.................................................
. LaTeX info: "xparse/define-command"
. 
. Defining command \Xey with sig. '>{\__tikzsymbols_if_empty:nn
. {1}}O{1}>{\__tikzsymbols_if_empty:nn {none}}O{none}' on line 1259.
.................................................
.................................................
. LaTeX info: "xparse/define-command"
. 
. Defining command \dXey with sig. '>{\__tikzsymbols_if_empty:nn
. {1}}O{1}>{\__tikzsymbols_if_empty:nn {yellow}}O{yellow}' on line 1282.
.................................................
.................................................
. LaTeX info: "xparse/define-command"
. 
. Defining command \Innocey with sig. '>{\__tikzsymbols_if_empty:nn
. {1}}O{1}>{\__tikzsymbols_if_empty:nn
. {none}}O{none}>{\__tikzsymbols_if_empty:nn {yellow}}O{yellow}' on line 1314.
.................................................
.................................................
. LaTeX info: "xparse/define-command"
. 
. Defining command \wInnocey with sig. '>{\__tikzsymbols_if_empty:nn {1}}O{1}'
. on line 1321.
.................................................
.................................................
. LaTeX info: "xparse/define-command"
. 
. Defining command \dInnocey with sig. '>{\__tikzsymbols_if_empty:nn
. {1}}O{1}>{\__tikzsymbols_if_empty:nn
. {yellow}}O{yellow}>{\__tikzsymbols_if_empty:nn {yellow}}O{yellow}' on line
. 1351.
.................................................
.................................................
. LaTeX info: "xparse/define-command"
. 
. Defining command \Cooley with sig. '>{\__tikzsymbols_if_empty:nn
. {1}}O{1}>{\__tikzsymbols_if_empty:nn {none}}O{none}' on line 1376.
.................................................
.................................................
. LaTeX info: "xparse/define-command"
. 
. Defining command \dCooley with sig. '>{\__tikzsymbols_if_empty:nn
. {1}}O{1}>{\__tikzsymbols_if_empty:nn {yellow}}O{yellow}' on line 1401.
.................................................
.................................................
. LaTeX info: "xparse/define-command"
. 
. Defining command \Tongey with sig. '>{\__tikzsymbols_if_empty:nn
. {1}}O{1}>{\__tikzsymbols_if_empty:nn
. {none}}O{none}>{\__tikzsymbols_if_empty:nn {none}}O{none}' on line 1429.
.................................................
.................................................
. LaTeX info: "xparse/define-command"
. 
. Defining command \dTongey with sig. '>{\__tikzsymbols_if_empty:nn
. {1}}O{1}>{\__tikzsymbols_if_empty:nn
. {yellow}}O{yellow}>{\__tikzsymbols_if_empty:nn {red}}O{red}' on line 1457.
.................................................
.................................................
. LaTeX info: "xparse/define-command"
. 
. Defining command \Nursey with sig. '>{\__tikzsymbols_if_empty:nn
. {1}}O{1}>{\__tikzsymbols_if_empty:nn
. {none}}O{none}>{\__tikzsymbols_if_empty:nn
. {none}}O{none}>{\__tikzsymbols_if_empty:nn {}}O{}' on line 1487.
.................................................
.................................................
. LaTeX info: "xparse/define-command"
. 
. Defining command \dNursey with sig. '>{\__tikzsymbols_if_empty:nn
. {1}}O{1}>{\__tikzsymbols_if_empty:nn
. {yellow}}O{yellow}>{\__tikzsymbols_if_empty:nn
. {white}}O{white}>{\__tikzsymbols_if_empty:nn {red}}O{red}' on line 1522.
.................................................
.................................................
. LaTeX info: "xparse/define-command"
. 
. Defining command \Vomey with sig. '>{\__tikzsymbols_if_empty:nn
. {1}}O{1}>{\__tikzsymbols_if_empty:nn
. {none}}O{none}>{\__tikzsymbols_if_empty:nn {opacity=0}}O{opacity=0}' on line
. 1558.
.................................................
.................................................
. LaTeX info: "xparse/define-command"
. 
. Defining command \dVomey with sig. '>{\__tikzsymbols_if_empty:nn
. {1}}O{1}>{\__tikzsymbols_if_empty:nn
. {yellow}}O{yellow}>{\__tikzsymbols_if_empty:nn
. {brown!10!olive}}O{brown!10!olive}' on line 1596.
.................................................
.................................................
. LaTeX info: "xparse/define-command"
. 
. Defining command \Walley with sig. '>{\__tikzsymbols_if_empty:nn
. {1}}O{1}>{\__tikzsymbols_if_empty:nn
. {none}}O{none}>{\__tikzsymbols_if_empty:nn {none}}O{none}' on line 1636.
.................................................
.................................................
. LaTeX info: "xparse/define-command"
. 
. Defining command \rWalley with sig. '>{\__tikzsymbols_if_empty:nn
. {1}}O{1}>{\__tikzsymbols_if_empty:nn
. {none}}O{none}>{\__tikzsymbols_if_empty:nn {none}}O{none}' on line 1668.
.................................................
.................................................
. LaTeX info: "xparse/define-command"
. 
. Defining command \dWalley with sig. '>{\__tikzsymbols_if_empty:nn
. {1}}O{1}>{\__tikzsymbols_if_empty:nn {yellow}}O{yellow}' on line 1704.
.................................................
.................................................
. LaTeX info: "xparse/define-command"
. 
. Defining command \drWalley with sig. '>{\__tikzsymbols_if_empty:nn
. {1}}O{1}>{\__tikzsymbols_if_empty:nn {yellow}}O{yellow}' on line 1736.
.................................................
.................................................
. LaTeX info: "xparse/define-command"
. 
. Defining command \Cat with sig. '>{\__tikzsymbols_if_empty:nn {1}}O{1}' on
. line 1777.
.................................................
.................................................
. LaTeX info: "xparse/define-command"
. 
. Defining command \Ninja with sig. '>{\__tikzsymbols_if_empty:nn
. {1}}O{1}>{\__tikzsymbols_if_empty:nn
. {black}}O{black}>{\__tikzsymbols_if_empty:nn
. {red}}O{red}>{\__tikzsymbols_if_empty:nn {white}}O{white}' on line 1831.
.................................................
.................................................
. LaTeX info: "xparse/define-command"
. 
. Defining command \dNinja with sig. '>{\__tikzsymbols_if_empty:nn
. {1}}O{1}>{\__tikzsymbols_if_empty:nn
. {black}}O{black}>{\__tikzsymbols_if_empty:nn
. {red}}O{red}>{\__tikzsymbols_if_empty:nn {white}}O{white}' on line 1882.
.................................................
.................................................
. LaTeX info: "xparse/define-command"
. 
. Defining command \NiceReapey with sig. '>{\__tikzsymbols_if_empty:nn
. {1}}O{1}>{\__tikzsymbols_if_empty:nn {black!20!white}}O{black!20!white}' on
. line 1914.
.................................................
.................................................
. LaTeX info: "xparse/define-command"
. 
. Defining command \Strichmaxerl with sig. '>{\__tikzsymbols_if_empty:nn
. {1}}O{1}>{\__tikzsymbols_if_empty:nn
. {-22}}O{-22}>{\__tikzsymbols_if_empty:nn
. {22}}O{22}>{\__tikzsymbols_if_empty:nn
. {27}}O{27}>{\__tikzsymbols_if_empty:nn {-27}}O{-27}' on line 2014.
.................................................
.................................................
. LaTeX info: "xparse/define-command"
. 
. Defining command \Person with sig. '>{\__tikzsymbols_if_empty:nn
. {1}}O{1}>{\__tikzsymbols_if_empty:nn
. {-22}}O{-22}>{\__tikzsymbols_if_empty:nn
. {22}}O{22}>{\__tikzsymbols_if_empty:nn
. {27}}O{27}>{\__tikzsymbols_if_empty:nn {-27}}O{-27}' on line 2023.
.................................................
.................................................
. LaTeX info: "xparse/define-command"
. 
. Defining command \Candle with sig. '>{\__tikzsymbols_if_empty:nn {1}}O{1}'
. on line 2048.
.................................................
.................................................
. LaTeX info: "xparse/define-command"
. 
. Defining command \Fire with sig. '>{\__tikzsymbols_if_empty:nn {1}}O{1}' on
. line 2092.
.................................................
.................................................
. LaTeX info: "xparse/redefine-command"
. 
. Redefining command \Coffeecup with sig. '>{\__tikzsymbols_if_empty:nn
. {1}}O{1}' on line 2126.
.................................................
.................................................
. LaTeX info: "xparse/define-command"
. 
. Defining command \Chair with sig. '>{\__tikzsymbols_if_empty:nn {1}}O{1}' on
. line 2154.
.................................................
.................................................
. LaTeX info: "xparse/define-command"
. 
. Defining command \Bed with sig. '>{\__tikzsymbols_if_empty:nn {1}}O{1}' on
. line 2179.
.................................................
.................................................
. LaTeX info: "xparse/define-command"
. 
. Defining command \Tribar with sig. '>{\__tikzsymbols_if_empty:nn
. {1}}O{1}>{\__tikzsymbols_if_empty:nn
. {opacity=0}}O{opacity=0}>{\__tikzsymbols_if_empty:nn
. {opacity=0}}O{opacity=0}>{\__tikzsymbols_if_empty:nn
. {opacity=0}}O{opacity=0}' on line 2213.
.................................................
.................................................
. LaTeX info: "xparse/define-command"
. 
. Defining command \Moai with sig. '>{\__tikzsymbols_if_empty:nn {1}}O{1}' on
. line 2262.
.................................................
.................................................
. LaTeX info: "xparse/define-command"
. 
. Defining command \Snowman with sig. '>{\__tikzsymbols_if_empty:nn {1}}O{1}'
. on line 2313.
.................................................
.................................................
. LaTeX info: "xparse/define-command"
. 
. Defining command \BasicTree with sig. '>{\__tikzsymbols_if_empty:nn
. {1}}O{1}mmmm' on line 2336.
.................................................
.................................................
. LaTeX info: "xparse/define-command"
. 
. Defining command \WorstTree with sig. '>{\__tikzsymbols_if_empty:nn
. {1}}O{1}' on line 2371.
.................................................
.................................................
. LaTeX info: "xparse/define-command"
. 
. Defining command \Springtree with sig. '>{\__tikzsymbols_if_empty:nn
. {1}}O{1}' on line 2380.
.................................................
.................................................
. LaTeX info: "xparse/define-command"
. 
. Defining command \Summertree with sig. '>{\__tikzsymbols_if_empty:nn
. {1}}O{1}' on line 2389.
.................................................
.................................................
. LaTeX info: "xparse/define-command"
. 
. Defining command \Autumntree with sig. '>{\__tikzsymbols_if_empty:nn
. {1}}O{1}' on line 2398.
.................................................
.................................................
. LaTeX info: "xparse/define-command"
. 
. Defining command \Wintertree with sig. '>{\__tikzsymbols_if_empty:nn
. {1}}O{1}' on line 2407.
.................................................
.................................................
. LaTeX info: "xparse/define-command"
. 
. Defining command \tikzsymbolsuse with sig. 'm' on line 2428.
.................................................
.................................................
. LaTeX info: "xparse/define-command"
. 
. Defining command \tikzsymbolsset with sig. 'm' on line 2432.
.................................................
)
(/usr/local/texlive/2016/texmf-dist/tex/latex/booktabs/booktabs.sty
Package: booktabs 2016/04/27 v1.618033 publication quality tables
\heavyrulewidth=\dimen277
\lightrulewidth=\dimen278
\cmidrulewidth=\dimen279
\belowrulesep=\dimen280
\belowbottomsep=\dimen281
\aboverulesep=\dimen282
\abovetopsep=\dimen283
\cmidrulesep=\dimen284
\cmidrulekern=\dimen285
\defaultaddspace=\dimen286
\@cmidla=\count154
\@cmidlb=\count155
\@aboverulesep=\dimen287
\@belowrulesep=\dimen288
\@thisruleclass=\count156
\@lastruleclass=\count157
\@thisrulewidth=\dimen289
)
(/usr/local/texlive/2016/texmf-dist/tex/latex/listings/listings.sty
\lst@mode=\count158
\lst@gtempboxa=\box59
\lst@token=\toks46
\lst@length=\count159
\lst@currlwidth=\dimen290
\lst@column=\count160
\lst@pos=\count161
\lst@lostspace=\dimen291
\lst@width=\dimen292
\lst@newlines=\count162
\lst@lineno=\count163
\lst@maxwidth=\dimen293

(/usr/local/texlive/2016/texmf-dist/tex/latex/listings/lstmisc.sty
File: lstmisc.sty 2015/06/04 1.6 (Carsten Heinz)
\c@lstnumber=\count164
\lst@skipnumbers=\count165
\lst@framebox=\box60
)
(/usr/local/texlive/2016/texmf-dist/tex/latex/listings/listings.cfg
File: listings.cfg 2015/06/04 1.6 listings configuration
))
Package: listings 2015/06/04 1.6 (Carsten Heinz)

(/usr/local/texlive/2016/texmf-dist/tex/latex/fontawesome/fontawesome.sty
Package: fontawesome 2016/05/15 v4.6.3.1 font awesome icons

(/usr/local/texlive/2016/texmf-dist/tex/generic/oberdiek/ifluatex.sty
Package: ifluatex 2016/05/16 v1.4 Provides the ifluatex switch (HO)
Package ifluatex Info: LuaTeX not detected.
)
(/usr/local/texlive/2016/texmf-dist/tex/latex/fontawesome/fontawesomesymbols-ge
neric.tex)
(/usr/local/texlive/2016/texmf-dist/tex/latex/fontawesome/fontawesomesymbols-pd
ftex.tex)) (/usr/local/texlive/2016/texmf-dist/tex/generic/ulem/ulem.sty
\UL@box=\box61
\UL@hyphenbox=\box62
\UL@skip=\skip66
\UL@hook=\toks47
\UL@height=\dimen294
\UL@pe=\count166
\UL@pixel=\dimen295
\ULC@box=\box63
Package: ulem 2012/05/18
\ULdepth=\dimen296
)
(/usr/local/texlive/2016/texmf-dist/tex/latex/bbm-macros/bbm.sty
Package: bbm 1999/03/15 V 1.2 provides fonts for set symbols - TH
LaTeX Font Info:    Overwriting math alphabet `\mathbbm' in version `bold'
(Font)                  U/bbm/m/n --> U/bbm/bx/n on input line 33.
LaTeX Font Info:    Overwriting math alphabet `\mathbbmss' in version `bold'
(Font)                  U/bbmss/m/n --> U/bbmss/bx/n on input line 35.
)
(/usr/local/texlive/2016/texmf-dist/tex/latex/natbib/natbib.sty
Package: natbib 2010/09/13 8.31b (PWD, AO)
\bibhang=\skip67
\bibsep=\skip68
LaTeX Info: Redefining \cite on input line 694.
\c@NAT@ctr=\count167
)
(/usr/local/texlive/2016/texmf-dist/tex/latex/hyperref/hyperref.sty
Package: hyperref 2016/05/05 v6.83n Hypertext links for LaTeX

(/usr/local/texlive/2016/texmf-dist/tex/generic/oberdiek/hobsub-hyperref.sty
Package: hobsub-hyperref 2016/05/16 v1.14 Bundle oberdiek, subset hyperref (HO)


(/usr/local/texlive/2016/texmf-dist/tex/generic/oberdiek/hobsub-generic.sty
Package: hobsub-generic 2016/05/16 v1.14 Bundle oberdiek, subset generic (HO)
Package: hobsub 2016/05/16 v1.14 Construct package bundles (HO)
Package hobsub Info: Skipping package `infwarerr' (already loaded).
Package hobsub Info: Skipping package `ltxcmds' (already loaded).
Package hobsub Info: Skipping package `ifluatex' (already loaded).
Package hobsub Info: Skipping package `ifvtex' (already loaded).
Package: intcalc 2016/05/16 v1.2 Expandable calculations with integers (HO)
Package hobsub Info: Skipping package `ifpdf' (already loaded).
Package: etexcmds 2016/05/16 v1.6 Avoid name clashes with e-TeX commands (HO)
Package etexcmds Info: Could not find \expanded.
(etexcmds)             That can mean that you are not using pdfTeX 1.50 or
(etexcmds)             that some package has redefined \expanded.
(etexcmds)             In the latter case, load this package earlier.
Package: kvsetkeys 2016/05/16 v1.17 Key value parser (HO)
Package: kvdefinekeys 2016/05/16 v1.4 Define keys (HO)
Package: pdftexcmds 2016/05/10 v0.21 Utility functions of pdfTeX for LuaTeX (HO
)
Package pdftexcmds Info: LuaTeX not detected.
Package pdftexcmds Info: \pdf@primitive is available.
Package pdftexcmds Info: \pdf@ifprimitive is available.
Package pdftexcmds Info: \pdfdraftmode found.
Package: pdfescape 2016/05/16 v1.14 Implements pdfTeX's escape features (HO)
Package: bigintcalc 2016/05/16 v1.4 Expandable calculations on big integers (HO
)
Package: bitset 2016/05/16 v1.2 Handle bit-vector datatype (HO)
Package: uniquecounter 2016/05/16 v1.3 Provide unlimited unique counter (HO)
)
Package hobsub Info: Skipping package `hobsub' (already loaded).
Package: letltxmacro 2016/05/16 v1.5 Let assignment for LaTeX macros (HO)
Package: hopatch 2016/05/16 v1.3 Wrapper for package hooks (HO)
Package: xcolor-patch 2016/05/16 xcolor patch
Package: atveryend 2016/05/16 v1.9 Hooks at the very end of document (HO)
Package atveryend Info: \enddocument detected (standard20110627).
Package: atbegshi 2016/05/16 v1.17 At begin shipout hook (HO)
Package: refcount 2016/05/16 v3.5 Data extraction from label references (HO)
Package: hycolor 2016/05/16 v1.8 Color options for hyperref/bookmark (HO)
)
(/usr/local/texlive/2016/texmf-dist/tex/latex/oberdiek/auxhook.sty
Package: auxhook 2016/05/16 v1.4 Hooks for auxiliary files (HO)
)
(/usr/local/texlive/2016/texmf-dist/tex/latex/oberdiek/kvoptions.sty
Package: kvoptions 2016/05/16 v3.12 Key value format for package options (HO)
)
\@linkdim=\dimen297
\Hy@linkcounter=\count168
\Hy@pagecounter=\count169

(/usr/local/texlive/2016/texmf-dist/tex/latex/hyperref/pd1enc.def
File: pd1enc.def 2016/05/05 v6.83n Hyperref: PDFDocEncoding definition (HO)
)
\Hy@SavedSpaceFactor=\count170

(/usr/local/texlive/2016/texmf-dist/tex/latex/latexconfig/hyperref.cfg
File: hyperref.cfg 2002/06/06 v1.2 hyperref configuration of TeXLive
)
Package hyperref Info: Hyper figures OFF on input line 4446.
Package hyperref Info: Link nesting OFF on input line 4451.
Package hyperref Info: Hyper index ON on input line 4454.
Package hyperref Info: Plain pages OFF on input line 4461.
Package hyperref Info: Backreferencing OFF on input line 4466.
Package hyperref Info: Implicit mode ON; LaTeX internals redefined.
Package hyperref Info: Bookmarks ON on input line 4691.
\c@Hy@tempcnt=\count171

(/usr/local/texlive/2016/texmf-dist/tex/latex/url/url.sty
\Urlmuskip=\muskip17
Package: url 2013/09/16  ver 3.4  Verb mode for urls, etc.
)
LaTeX Info: Redefining \url on input line 5044.
\XeTeXLinkMargin=\dimen298
\Fld@menulength=\count172
\Field@Width=\dimen299
\Fld@charsize=\dimen300
Package hyperref Info: Hyper figures OFF on input line 6298.
Package hyperref Info: Link nesting OFF on input line 6303.
Package hyperref Info: Hyper index ON on input line 6306.
Package hyperref Info: backreferencing OFF on input line 6313.
Package hyperref Info: Link coloring OFF on input line 6318.
Package hyperref Info: Link coloring with OCG OFF on input line 6323.
Package hyperref Info: PDF/A mode OFF on input line 6328.
LaTeX Info: Redefining \ref on input line 6368.
LaTeX Info: Redefining \pageref on input line 6372.
\Hy@abspage=\count173
\c@Item=\count174
\c@Hfootnote=\count175
)

Package hyperref Message: Driver (autodetected): hpdftex.

(/usr/local/texlive/2016/texmf-dist/tex/latex/hyperref/hpdftex.def
File: hpdftex.def 2016/05/05 v6.83n Hyperref driver for pdfTeX
\Fld@listcount=\count176
\c@bookmark@seq@number=\count177

(/usr/local/texlive/2016/texmf-dist/tex/latex/oberdiek/rerunfilecheck.sty
Package: rerunfilecheck 2016/05/16 v1.8 Rerun checks for auxiliary files (HO)
Package uniquecounter Info: New unique counter `rerunfilecheck' on input line 2
82.
)
\Hy@SectionHShift=\skip69
)
(/usr/local/texlive/2016/texmf-dist/tex/latex/titlesec/titlesec.sty
Package: titlesec 2016/03/21 v2.10.2 Sectioning titles
\ttl@box=\box64
\beforetitleunit=\skip70
\aftertitleunit=\skip71
\ttl@plus=\dimen301
\ttl@minus=\dimen302
\ttl@toksa=\toks48
\titlewidth=\dimen303
\titlewidthlast=\dimen304
\titlewidthfirst=\dimen305
)
(/usr/local/texlive/2016/texmf-dist/tex/latex/caption/caption.sty
Package: caption 2016/02/21 v3.3-144 Customizing captions (AR)

(/usr/local/texlive/2016/texmf-dist/tex/latex/caption/caption3.sty
Package: caption3 2016/02/04 v1.7-139 caption3 kernel (AR)
Package caption3 Info: TeX engine: e-TeX on input line 67.
\captionmargin=\dimen306
\captionmargin@=\dimen307
\captionwidth=\dimen308
\caption@tempdima=\dimen309
\caption@indent=\dimen310
\caption@parindent=\dimen311
\caption@hangindent=\dimen312
)
\c@ContinuedFloat=\count178
Package caption Info: float package is loaded.
Package caption Info: hyperref package is loaded.
Package caption Info: listings package is loaded.
Package caption Info: threeparttable package is loaded.
)
(/usr/local/texlive/2016/texmf-dist/tex/latex/caption/subcaption.sty
Package: subcaption 2016/02/20 v1.1-142 Sub-captions (AR)
\c@subfigure=\count179
\c@subtable=\count180
)
(/usr/local/texlive/2016/texmf-dist/tex/latex/bezos/accents.sty
Package: accents 2006/05/12 v1.3 Math Accent Tools
\cc@skew=\dimen313
\cc@wd=\dimen314
\cc@code=\count181
\cc@group=\count182
\cc@skewchar=\count183
)
(./drukker_phdba239fcii_pset1.aux)
\openout1 = `drukker_phdba239fcii_pset1.aux'.

LaTeX Font Info:    Checking defaults for OML/cmm/m/it on input line 68.
LaTeX Font Info:    ... okay on input line 68.
LaTeX Font Info:    Checking defaults for T1/cmr/m/n on input line 68.
LaTeX Font Info:    ... okay on input line 68.
LaTeX Font Info:    Checking defaults for OT1/cmr/m/n on input line 68.
LaTeX Font Info:    ... okay on input line 68.
LaTeX Font Info:    Checking defaults for OMS/cmsy/m/n on input line 68.
LaTeX Font Info:    ... okay on input line 68.
LaTeX Font Info:    Checking defaults for OMX/cmex/m/n on input line 68.
LaTeX Font Info:    ... okay on input line 68.
LaTeX Font Info:    Checking defaults for U/cmr/m/n on input line 68.
LaTeX Font Info:    ... okay on input line 68.
LaTeX Font Info:    Checking defaults for PD1/pdf/m/n on input line 68.
LaTeX Font Info:    ... okay on input line 68.

(/usr/local/texlive/2016/texmf-dist/tex/context/base/mkii/supp-pdf.mkii
[Loading MPS to PDF converter (version 2006.09.02).]
\scratchcounter=\count184
\scratchdimen=\dimen315
\scratchbox=\box65
\nofMPsegments=\count185
\nofMParguments=\count186
\everyMPshowfont=\toks49
\MPscratchCnt=\count187
\MPscratchDim=\dimen316
\MPnumerator=\count188
\makeMPintoPDFobject=\count189
\everyMPtoPDFconversion=\toks50
) (/usr/local/texlive/2016/texmf-dist/tex/latex/oberdiek/epstopdf-base.sty
Package: epstopdf-base 2016/05/15 v2.6 Base part for package epstopdf

(/usr/local/texlive/2016/texmf-dist/tex/latex/oberdiek/grfext.sty
Package: grfext 2016/05/16 v1.2 Manage graphics extensions (HO)
)
Package grfext Info: Graphics extension search list:
(grfext)             [.png,.pdf,.jpg,.mps,.jpeg,.jbig2,.jb2,.PNG,.PDF,.JPG,.JPE
G,.JBIG2,.JB2,.eps]
(grfext)             \AppendGraphicsExtensions on input line 456.

(/usr/local/texlive/2016/texmf-dist/tex/latex/latexconfig/epstopdf-sys.cfg
File: epstopdf-sys.cfg 2010/07/13 v1.3 Configuration of (r)epstopdf for TeX Liv
e
))
*geometry* driver: auto-detecting
*geometry* detected driver: pdftex
*geometry* verbose mode - [ preamble ] result:
* driver: pdftex
* paper: custom
* layout: <same size as paper>
* layoutoffset:(h,v)=(0.0pt,0.0pt)
* modes: 
* h-part:(L,W,R)=(54.2025pt, 469.75499pt, 54.2025pt)
* v-part:(T,H,B)=(72.26999pt, 686.56502pt, 72.26999pt)
* \paperwidth=578.15999pt
* \paperheight=831.105pt
* \textwidth=469.75499pt
* \textheight=686.56502pt
* \oddsidemargin=-18.06749pt
* \evensidemargin=-18.06749pt
* \topmargin=-37.0pt
* \headheight=12.0pt
* \headsep=25.0pt
* \topskip=12.0pt
* \footskip=30.0pt
* \marginparwidth=44.0pt
* \marginparsep=10.0pt
* \columnsep=10.0pt
* \skip\footins=10.8pt plus 4.0pt minus 2.0pt
* \hoffset=0.0pt
* \voffset=0.0pt
* \mag=1000
* \@twocolumnfalse
* \@twosidefalse
* \@mparswitchfalse
* \@reversemarginfalse
* (1in=72.27pt=25.4mm, 1cm=28.453pt)

ABD: EveryShipout initializing macros
\c@lstlisting=\count190
\AtBeginShipoutBox=\box66
Package hyperref Info: Link coloring OFF on input line 68.

(/usr/local/texlive/2016/texmf-dist/tex/latex/hyperref/nameref.sty
Package: nameref 2012/10/27 v2.43 Cross-referencing by name of section

(/usr/local/texlive/2016/texmf-dist/tex/generic/oberdiek/gettitlestring.sty
Package: gettitlestring 2016/05/16 v1.5 Cleanup title references (HO)
)
\c@section@level=\count191
)
LaTeX Info: Redefining \ref on input line 68.
LaTeX Info: Redefining \pageref on input line 68.
LaTeX Info: Redefining \nameref on input line 68.

(./drukker_phdba239fcii_pset1.out) (./drukker_phdba239fcii_pset1.out)
\@outlinefile=\write4
\openout4 = `drukker_phdba239fcii_pset1.out'.

Package caption Info: Begin \AtBeginDocument code.
Package caption Info: End \AtBeginDocument code.
LaTeX Font Info:    Try loading font information for U+msa on input line 79.

(/usr/local/texlive/2016/texmf-dist/tex/latex/amsfonts/umsa.fd
File: umsa.fd 2013/01/14 v3.01 AMS symbols A
)
LaTeX Font Info:    Try loading font information for U+msb on input line 79.

(/usr/local/texlive/2016/texmf-dist/tex/latex/amsfonts/umsb.fd
File: umsb.fd 2013/01/14 v3.01 AMS symbols B
)
LaTeX Font Info:    Try loading font information for U+lasy on input line 79.

(/usr/local/texlive/2016/texmf-dist/tex/latex/base/ulasy.fd
File: ulasy.fd 1998/08/17 v2.2e LaTeX symbol font definitions
) (../Output/q1a)
(../Output/q1a) (../Output/q1b) (../Output/q1b) (../Output/q1ci)
(../Output/q1cii) (../Output/q1ciii) (../Output/q1civ) (../Output/q1cv)
(../Output/q1ci) (../Output/q1cii) (../Output/q1ciii) (../Output/q1civ)
(../Output/q1cv)

Package hyperref Warning: Token not allowed in a PDF string (PDFDocEncoding):
(hyperref)                removing `math shift' on input line 119.


Package hyperref Warning: Token not allowed in a PDF string (PDFDocEncoding):
(hyperref)                removing `subscript' on input line 119.


Package hyperref Warning: Token not allowed in a PDF string (PDFDocEncoding):
(hyperref)                removing `subscript' on input line 119.


Package hyperref Warning: Token not allowed in a PDF string (PDFDocEncoding):
(hyperref)                removing `math shift' on input line 119.


Package hyperref Warning: Token not allowed in a PDF string (PDFDocEncoding):
(hyperref)                removing `math shift' on input line 119.


Package hyperref Warning: Token not allowed in a PDF string (PDFDocEncoding):
(hyperref)                removing `subscript' on input line 119.


Package hyperref Warning: Token not allowed in a PDF string (PDFDocEncoding):
(hyperref)                removing `math shift' on input line 119.


Package hyperref Warning: Token not allowed in a PDF string (PDFDocEncoding):
(hyperref)                removing `math shift' on input line 121.


Package hyperref Warning: Token not allowed in a PDF string (PDFDocEncoding):
(hyperref)                removing `subscript' on input line 121.


Package hyperref Warning: Token not allowed in a PDF string (PDFDocEncoding):
(hyperref)                removing `subscript' on input line 121.


Package hyperref Warning: Token not allowed in a PDF string (PDFDocEncoding):
(hyperref)                removing `math shift' on input line 121.


Package hyperref Warning: Token not allowed in a PDF string (PDFDocEncoding):
(hyperref)                removing `math shift' on input line 121.


Package hyperref Warning: Token not allowed in a PDF string (PDFDocEncoding):
(hyperref)                removing `subscript' on input line 121.


Package hyperref Warning: Token not allowed in a PDF string (PDFDocEncoding):
(hyperref)                removing `math shift' on input line 121.

(../Output/q2ai) (../Output/q2aii) (../Output/q2ai) (../Output/q2aii)

Package Fancyhdr Warning: \headheight is too small (12.0pt): 
 Make it at least 14.49998pt.
 We now make it that large for the rest of the document.
 This may cause the page layout to be inconsistent, however.

[1{/usr/local/texlive/2016/texmf-var/fonts/map/pdftex/updmap/pdftex.map}

]
(../Output/q2bi) (../Output/q2bii) (../Output/q2bii) (../Output/q2bii)
(../Output/q2bi) (../Output/q2biii) (../Output/q2bi) (../Output/q2bii)
(../Output/q2bii) (../Output/q2bii) (../Output/q2bi) (../Output/q2biii)

Package hyperref Warning: Token not allowed in a PDF string (PDFDocEncoding):
(hyperref)                removing `math shift' on input line 149.


Package hyperref Warning: Token not allowed in a PDF string (PDFDocEncoding):
(hyperref)                removing `subscript' on input line 149.


Package hyperref Warning: Token not allowed in a PDF string (PDFDocEncoding):
(hyperref)                removing `subscript' on input line 149.


Package hyperref Warning: Token not allowed in a PDF string (PDFDocEncoding):
(hyperref)                removing `math shift' on input line 149.


Package hyperref Warning: Token not allowed in a PDF string (PDFDocEncoding):
(hyperref)                removing `math shift' on input line 149.


Package hyperref Warning: Token not allowed in a PDF string (PDFDocEncoding):
(hyperref)                removing `subscript' on input line 149.


Package hyperref Warning: Token not allowed in a PDF string (PDFDocEncoding):
(hyperref)                removing `math shift' on input line 149.


Package hyperref Warning: Token not allowed in a PDF string (PDFDocEncoding):
(hyperref)                removing `math shift' on input line 149.


Package hyperref Warning: Token not allowed in a PDF string (PDFDocEncoding):
(hyperref)                removing `subscript' on input line 149.


Package hyperref Warning: Token not allowed in a PDF string (PDFDocEncoding):
(hyperref)                removing `subscript' on input line 149.


Package hyperref Warning: Token not allowed in a PDF string (PDFDocEncoding):
(hyperref)                removing `math shift' on input line 149.


Package hyperref Warning: Token not allowed in a PDF string (PDFDocEncoding):
(hyperref)                removing `math shift' on input line 149.


Package hyperref Warning: Token not allowed in a PDF string (PDFDocEncoding):
(hyperref)                removing `subscript' on input line 149.


Package hyperref Warning: Token not allowed in a PDF string (PDFDocEncoding):
(hyperref)                removing `math shift' on input line 149.

(../Output/q3i) (../Output/q3ii) (../Output/q3i) (../Output/q3ii) [2]
Missing character: There is no  in font cmti12!


Package hyperref Warning: Token not allowed in a PDF string (PDFDocEncoding):
(hyperref)                removing `math shift' on input line 161.


Package hyperref Warning: Token not allowed in a PDF string (PDFDocEncoding):
(hyperref)                removing `math shift' on input line 161.


Package hyperref Warning: Token not allowed in a PDF string (PDFDocEncoding):
(hyperref)                removing `\begingroup' on input line 161.


Package hyperref Warning: Token not allowed in a PDF string (PDFDocEncoding):
(hyperref)                removing `\endgroup' on input line 161.


Package hyperref Warning: Token not allowed in a PDF string (PDFDocEncoding):
(hyperref)                removing `\@@over' on input line 161.


Package hyperref Warning: Token not allowed in a PDF string (PDFDocEncoding):
(hyperref)                removing `math shift' on input line 161.


Package hyperref Warning: Token not allowed in a PDF string (PDFDocEncoding):
(hyperref)                removing `math shift' on input line 161.


Package hyperref Warning: Token not allowed in a PDF string (PDFDocEncoding):
(hyperref)                removing `math shift' on input line 161.


Package hyperref Warning: Token not allowed in a PDF string (PDFDocEncoding):
(hyperref)                removing `math shift' on input line 161.


Package hyperref Warning: Token not allowed in a PDF string (PDFDocEncoding):
(hyperref)                removing `math shift' on input line 161.


Package hyperref Warning: Token not allowed in a PDF string (PDFDocEncoding):
(hyperref)                removing `math shift' on input line 161.


Package hyperref Warning: Token not allowed in a PDF string (PDFDocEncoding):
(hyperref)                removing `math shift' on input line 161.


Package hyperref Warning: Token not allowed in a PDF string (PDFDocEncoding):
(hyperref)                removing `math shift' on input line 161.


Package hyperref Warning: Token not allowed in a PDF string (PDFDocEncoding):
(hyperref)                removing `math shift' on input line 161.


Package hyperref Warning: Token not allowed in a PDF string (PDFDocEncoding):
(hyperref)                removing `math shift' on input line 161.


Package hyperref Warning: Token not allowed in a PDF string (PDFDocEncoding):
(hyperref)                removing `math shift' on input line 161.


Package hyperref Warning: Token not allowed in a PDF string (PDFDocEncoding):
(hyperref)                removing `math shift' on input line 161.


Package hyperref Warning: Token not allowed in a PDF string (PDFDocEncoding):
(hyperref)                removing `math shift' on input line 161.


Package hyperref Warning: Token not allowed in a PDF string (PDFDocEncoding):
(hyperref)                removing `math shift' on input line 161.

[3]

Package hyperref Warning: Token not allowed in a PDF string (PDFDocEncoding):
(hyperref)                removing `math shift' on input line 187.


Package hyperref Warning: Token not allowed in a PDF string (PDFDocEncoding):
(hyperref)                removing `subscript' on input line 187.


Package hyperref Warning: Token not allowed in a PDF string (PDFDocEncoding):
(hyperref)                removing `math shift' on input line 187.

(../Output/q5i) (../Output/q5i) (../Output/q5ii) (../Output/q5i) (../Output/q5i
) (../Output/q5ii)
LaTeX Font Info:    Try loading font information for OMS+cmr on input line 203.

 (/usr/local/texlive/2016/texmf-dist/tex/latex/base/omscmr.fd
File: omscmr.fd 2014/09/29 v2.5h Standard LaTeX font definitions
)
LaTeX Font Info:    Font shape `OMS/cmr/m/it' in size <12> not available
(Font)              Font shape `OMS/cmsy/m/n' tried instead on input line 203.
Missing character: There is no  in font cmbxti10!
Missing character: There is no  in font cmbxti10!
Missing character: There is no  in font cmbxti10!
Missing character: There is no  in font cmbxti10!

Overfull \hbox (6.70158pt too wide) in paragraph at lines 203--203
\OT1/cmr/m/it/12 Using your fit-ted yield curve, gen-er-ate a ta-ble show-ing, 
at 3-month in-ter-vals from 3/4/2019
 []


Overfull \hbox (10.5604pt too wide) in paragraph at lines 203--203
\OT1/cmr/m/it/12 to 12/4/2068 (use the dates in the out-put spread-sheet you ju
st down-loaded from Bloomberg):
 []

(../Output/q6i)

LaTeX Warning: Float too large for page by 30.54785pt on input line 235.

[4] [5] [6] (../Output/q6ii)

LaTeX Warning: Float too large for page by 30.54785pt on input line 242.

[7] (../Output/q6iii)

LaTeX Warning: Float too large for page by 30.54785pt on input line 249.

[8] (../Output/q6iv)

LaTeX Warning: Float too large for page by 30.54785pt on input line 256.

[9] (../Output/q7i) (../Output/q7ii) (../Output/q7iv)
Overfull \hbox (60.92941pt too wide) in paragraph at lines 263--264
\OT1/cmr/m/n/12 0.773191, and 2.953684, re-spec-tively. The model pro-duced a m
in-i-miz-ing MSE of 0.00015965049010412564
 []

(../Output/q7va) [10




] (../Output/q7vb)

LaTeX Warning: Float too large for page by 30.54785pt on input line 276.

[11] (../Output/q7vc)

LaTeX Warning: Float too large for page by 30.54785pt on input line 283.

[12] (../Output/q7vd)

LaTeX Warning: Float too large for page by 30.54785pt on input line 290.

[13] (../Output/q8i) (../Output/q8ii) (../Output/q8iv)
Overfull \hbox (13.33313pt too wide) in paragraph at lines 296--297
\OT1/cmr/m/n/12 Minimizing $\OML/cmm/m/it/12 ^^\[]$ \OT1/cmr/m/n/12 and $\OML/c
mm/m/it/12 ^^\[]$ \OT1/cmr/m/n/12 are 0.57  and 15.3 , re-spec-tively. The be-t
as $\OML/cmm/m/it/12 ^^L[]; ^^L[]; ^^L[]$ \OT1/cmr/m/n/12 are 1.997775,0.774489
,
 []

(../Output/q8va) [14




] (../Output/q8vb)
Overfull \hbox (26.31834pt too wide) in paragraph at lines 1--309
 [][] 
 []


LaTeX Warning: Float too large for page by 31.54785pt on input line 309.

[15] (../Output/q8vc)
Overfull \hbox (26.31834pt too wide) in paragraph at lines 1--316
 [][] 
 []


LaTeX Warning: Float too large for page by 31.54785pt on input line 316.

[16] (../Output/q8vd)
Overfull \hbox (26.31834pt too wide) in paragraph at lines 1--323
 [][] 
 []


LaTeX Warning: Float too large for page by 31.54785pt on input line 323.

[17]
Package atveryend Info: Empty hook `BeforeClearDocument' on input line 344.
Package atveryend Info: Empty hook `AfterLastShipout' on input line 344.
 (./drukker_phdba239fcii_pset1.aux)
Package atveryend Info: Executing hook `AtVeryEndDocument' on input line 344.
Package atveryend Info: Executing hook `AtEndAfterFileList' on input line 344.
Package rerunfilecheck Info: File `drukker_phdba239fcii_pset1.out' has not chan
ged.
(rerunfilecheck)             Checksum: 67A838BFA93B8BB1F90C434F36D73E29;3430.
Package atveryend Info: Empty hook `AtVeryVeryEnd' on input line 344.
 ) 
Here is how much of TeX's memory you used:
 30409 strings out of 493014
 566939 string characters out of 6133351
 657235 words of memory out of 5000000
 33309 multiletter control sequences out of 15000+600000
 12687 words of font info for 52 fonts, out of 8000000 for 9000
 1141 hyphenation exceptions out of 8191
 55i,16n,67p,10449b,375s stack positions out of 5000i,500n,10000p,200000b,80000s
</usr/local/texlive/2016/texmf-dist/fonts/type1/public/amsfonts/cm/cmbx10.pfb
></usr/local/texlive/2016/texmf-dist/fonts/type1/public/amsfonts/cm/cmbxti10.pf
b></usr/local/texlive/2016/texmf-dist/fonts/type1/public/amsfonts/cm/cmex10.pfb
></usr/local/texlive/2016/texmf-dist/fonts/type1/public/amsfonts/cm/cmmi12.pfb>
</usr/local/texlive/2016/texmf-dist/fonts/type1/public/amsfonts/cm/cmmi8.pfb></
usr/local/texlive/2016/texmf-dist/fonts/type1/public/amsfonts/cm/cmr10.pfb></us
r/local/texlive/2016/texmf-dist/fonts/type1/public/amsfonts/cm/cmr12.pfb></usr/
local/texlive/2016/texmf-dist/fonts/type1/public/amsfonts/cm/cmr6.pfb></usr/loc
al/texlive/2016/texmf-dist/fonts/type1/public/amsfonts/cm/cmr7.pfb></usr/local/
texlive/2016/texmf-dist/fonts/type1/public/amsfonts/cm/cmr8.pfb></usr/local/tex
live/2016/texmf-dist/fonts/type1/public/amsfonts/cm/cmsl12.pfb></usr/local/texl
ive/2016/texmf-dist/fonts/type1/public/amsfonts/cm/cmsy10.pfb></usr/local/texli
ve/2016/texmf-dist/fonts/type1/public/amsfonts/cm/cmsy6.pfb></usr/local/texlive
/2016/texmf-dist/fonts/type1/public/amsfonts/cm/cmsy8.pfb></usr/local/texlive/2
016/texmf-dist/fonts/type1/public/amsfonts/cm/cmti12.pfb>
Output written on drukker_phdba239fcii_pset1.pdf (17 pages, 220325 bytes).
PDF statistics:
 251 PDF objects out of 1000 (max. 8388607)
 214 compressed objects within 3 object streams
 51 named destinations out of 1000 (max. 500000)
 173 words of extra memory for PDF output out of 10000 (max. 10000000)

